<?xml version="1.0" encoding="utf-8" standalone="no"?>
<test-results xmlns:xsi="http://www.w3.org/2001/XMLSchema-instance" xsi:noNamespaceSchemaLocation="nunit_schema_2.5.xsd" name="Pester" total="9" errors="0" failures="0" not-run="0" inconclusive="0" ignored="0" skipped="0" invalid="0" date="2021-03-30" time="11:25:46">
  <environment nunit-version="2.5.8.0" machine-name="SLZ-GALLEN-LT" cwd="C:\Store\ngf-azure-templates\contrib\CGF-Custom-HA-2NIC-ASZ-ELB-ILB-STD" os-version="10.0.19041" clr-version="Unknown" user-domain="EU" user="gallen" platform="Microsoft Windows 10 Enterprise|C:\WINDOWS|\Device\Harddisk0\Partition4" />
  <culture-info current-culture="en-GB" current-uiculture="en-US" />
  <test-suite type="TestFixture" name="Pester" executed="True" result="Success" success="True" time="180.825" asserts="0" description="Pester">
    <results>
      <test-suite type="TestFixture" name="C:\Store\ngf-azure-templates\contrib\CGF-Custom-HA-2NIC-ASZ-ELB-ILB-STD\test\azuredeploy.tests.ps1" executed="True" result="Success" success="True" time="180.825" asserts="0" description="C:\Store\ngf-azure-templates\contrib\CGF-Custom-HA-2NIC-ASZ-ELB-ILB-STD\test\azuredeploy.tests.ps1">
        <results>
          <test-suite type="TestFixture" name="[CGF-Custom-HA-2NIC-ASZ-ELB-ILB-STD] Template validation &amp; test" executed="True" result="Success" success="True" time="180.8096" asserts="0" description="[CGF-Custom-HA-2NIC-ASZ-ELB-ILB-STD] Template validation &amp; test">
            <results>
              <test-suite type="TestFixture" name="[CGF-Custom-HA-2NIC-ASZ-ELB-ILB-STD] Template validation" executed="True" result="Success" success="True" time="0.1885" asserts="0" description="[CGF-Custom-HA-2NIC-ASZ-ELB-ILB-STD] Template validation">
                <results>
                  <test-case description="Has a JSON template" name="[CGF-Custom-HA-2NIC-ASZ-ELB-ILB-STD] Template validation &amp; test.[CGF-Custom-HA-2NIC-ASZ-ELB-ILB-STD] Template validation.Has a JSON template" time="0.0042" asserts="0" success="True" result="Success" executed="True" />
                  <test-case description="Has a parameters file" name="[CGF-Custom-HA-2NIC-ASZ-ELB-ILB-STD] Template validation &amp; test.[CGF-Custom-HA-2NIC-ASZ-ELB-ILB-STD] Template validation.Has a parameters file" time="0.0029" asserts="0" success="True" result="Success" executed="True" />
                  <test-case description="Has a metadata file" name="[CGF-Custom-HA-2NIC-ASZ-ELB-ILB-STD] Template validation &amp; test.[CGF-Custom-HA-2NIC-ASZ-ELB-ILB-STD] Template validation.Has a metadata file" time="0.0029" asserts="0" success="True" result="Success" executed="True" />
                  <test-case description="Converts from JSON and has the expected properties" name="[CGF-Custom-HA-2NIC-ASZ-ELB-ILB-STD] Template validation &amp; test.[CGF-Custom-HA-2NIC-ASZ-ELB-ILB-STD] Template validation.Converts from JSON and has the expected properties" time="0.0103" asserts="0" success="True" result="Success" executed="True" />
                  <test-case description="Creates the expected Azure resources" name="[CGF-Custom-HA-2NIC-ASZ-ELB-ILB-STD] Template validation &amp; test.[CGF-Custom-HA-2NIC-ASZ-ELB-ILB-STD] Template validation.Creates the expected Azure resources" time="0.0116" asserts="0" success="True" result="Success" executed="True" />
                  <test-case description="Contains the expected parameters" name="[CGF-Custom-HA-2NIC-ASZ-ELB-ILB-STD] Template validation &amp; test.[CGF-Custom-HA-2NIC-ASZ-ELB-ILB-STD] Template validation.Contains the expected parameters" time="0.0274" asserts="0" success="True" result="Success" executed="True" />
                </results>
              </test-suite>
              <test-suite type="TestFixture" name="[CGF-Custom-HA-2NIC-ASZ-ELB-ILB-STD] Template test deployment" executed="True" result="Success" success="True" time="180.5422" asserts="0" description="[CGF-Custom-HA-2NIC-ASZ-ELB-ILB-STD] Template test deployment">
                <results>
                  <test-case description="Test Deployment of ARM template azuredeploy.json with parameter file azuredeploy.parameters.json" name="[CGF-Custom-HA-2NIC-ASZ-ELB-ILB-STD] Template validation &amp; test.[CGF-Custom-HA-2NIC-ASZ-ELB-ILB-STD] Template test deployment.Test Deployment of ARM template azuredeploy.json with parameter file azuredeploy.parameters.json" time="4.1603" asserts="0" success="True" result="Success" executed="True" />
                  <test-case description="Deployment of ARM template azuredeploy.json with parameter file azuredeploy.parameters.json" name="[CGF-Custom-HA-2NIC-ASZ-ELB-ILB-STD] Template validation &amp; test.[CGF-Custom-HA-2NIC-ASZ-ELB-ILB-STD] Template test deployment.Deployment of ARM template azuredeploy.json with parameter file azuredeploy.parameters.json" time="164.0895" asserts="0" success="True" result="Success" executed="True" />
                  <test-case description="Deployment in Azure validation" name="[CGF-Custom-HA-2NIC-ASZ-ELB-ILB-STD] Template validation &amp; test.[CGF-Custom-HA-2NIC-ASZ-ELB-ILB-STD] Template test deployment.Deployment in Azure validation" time="3.0886" asserts="0" success="True" result="Success" executed="True" />
                </results>
              </test-suite>
            </results>
          </test-suite>
        </results>
      </test-suite>
    </results>
  </test-suite>
</test-results>